<?xml version="1.0" encoding="UTF-8"?>
<!-- Generated by org.testng.reporters.JUnitXMLReporter -->
<testsuite hostname="DESKTOP-4M357OC" ignored="0" name="Test" tests="6" failures="4" timestamp="2022-01-22T15:27:07 IST" time="29.807" errors="0">
  <testcase name="testActitimeLogin" time="16.982" classname="ParameterizationAndParellel.ParallelExecutionOfMethods"/>
  <testcase name="testVtigerLogin" time="12.718" classname="ParameterizationAndParellel.ParallelExecutionOfMethods"/>
  <testcase name="testCaseOne" time="0.0" classname="ParameterizationAndParellel.Parameterization">
    <failure type="org.testng.TestNGException" message="
Parameter &amp;apos;browser&amp;apos; is required by @Test on method testCaseOne but has not been marked @Optional or defined
in D:\Selenium\testng1.xml">
      <![CDATA[org.testng.TestNGException: 
Parameter 'browser' is required by @Test on method testCaseOne but has not been marked @Optional or defined
in D:\Selenium\testng1.xml
at java.util.ArrayList.forEach(Unknown Source)
... Removed 26 stack frames]]>
    </failure>
  </testcase> <!-- testCaseOne -->
  <testcase name="testCaseThree" time="0.0" classname="ParameterizationAndParellel.Parameterization">
    <failure type="org.testng.TestNGException" message="
Parameter &amp;apos;browser&amp;apos; is required by @Test on method testCaseThree but has not been marked @Optional or defined
in D:\Selenium\testng1.xml">
      <![CDATA[org.testng.TestNGException: 
Parameter 'browser' is required by @Test on method testCaseThree but has not been marked @Optional or defined
in D:\Selenium\testng1.xml
at java.util.ArrayList.forEach(Unknown Source)
... Removed 26 stack frames]]>
    </failure>
  </testcase> <!-- testCaseThree -->
  <testcase name="testCaseTwo" time="0.0" classname="ParameterizationAndParellel.Parameterization">
    <failure type="org.testng.TestNGException" message="
Parameter &amp;apos;username&amp;apos; is required by @Test on method testCaseTwo but has not been marked @Optional or defined
in D:\Selenium\testng1.xml">
      <![CDATA[org.testng.TestNGException: 
Parameter 'username' is required by @Test on method testCaseTwo but has not been marked @Optional or defined
in D:\Selenium\testng1.xml
at java.util.ArrayList.forEach(Unknown Source)
... Removed 26 stack frames]]>
    </failure>
  </testcase> <!-- testCaseTwo -->
  <testcase name="testLoginOfVtiger" time="0.0" classname="ParameterizationAndParellel.Parameterization">
    <failure type="org.testng.TestNGException" message="
Parameter &amp;apos;browser&amp;apos; is required by @Test on method testLoginOfVtiger but has not been marked @Optional or defined
in D:\Selenium\testng1.xml">
      <![CDATA[org.testng.TestNGException: 
Parameter 'browser' is required by @Test on method testLoginOfVtiger but has not been marked @Optional or defined
in D:\Selenium\testng1.xml
at java.util.ArrayList.forEach(Unknown Source)
... Removed 26 stack frames]]>
    </failure>
  </testcase> <!-- testLoginOfVtiger -->
</testsuite> <!-- Test -->
