<?xml version="1.0" encoding="UTF-8"?>
<!-- Generated by org.testng.reporters.JUnitXMLReporter -->
<testsuite hostname="DESKTOP-4M357OC" ignored="0" name="Test" tests="4" failures="3" timestamp="2022-01-22T15:48:25 IST" time="0.083" errors="0">
  <testcase name="testCaseOne" time="0.0" classname="ParameterizationAndParellel.Parameterization">
    <failure type="org.testng.TestNGException" message="
Parameter &amp;apos;browser&amp;apos; is required by @Test on method testCaseOne but has not been marked @Optional or defined
in D:\Selenium\testng1.xml">
      <![CDATA[org.testng.TestNGException: 
Parameter 'browser' is required by @Test on method testCaseOne but has not been marked @Optional or defined
in D:\Selenium\testng1.xml
at java.util.concurrent.ThreadPoolExecutor.runWorker(Unknown Source)
at java.util.concurrent.ThreadPoolExecutor$Worker.run(Unknown Source)
at java.lang.Thread.run(Unknown Source)
... Removed 11 stack frames]]>
    </failure>
  </testcase> <!-- testCaseOne -->
  <testcase name="testLoginOfVtiger" time="0.0" classname="ParameterizationAndParellel.Parameterization">
    <failure type="org.testng.TestNGException" message="
Parameter &amp;apos;browser&amp;apos; is required by @Test on method testLoginOfVtiger but has not been marked @Optional or defined
in D:\Selenium\testng1.xml">
      <![CDATA[org.testng.TestNGException: 
Parameter 'browser' is required by @Test on method testLoginOfVtiger but has not been marked @Optional or defined
in D:\Selenium\testng1.xml
at java.util.concurrent.ThreadPoolExecutor.runWorker(Unknown Source)
at java.util.concurrent.ThreadPoolExecutor$Worker.run(Unknown Source)
at java.lang.Thread.run(Unknown Source)
... Removed 11 stack frames]]>
    </failure>
  </testcase> <!-- testLoginOfVtiger -->
  <testcase name="testCaseTwo" time="0.0" classname="ParameterizationAndParellel.Parameterization">
    <failure type="org.testng.TestNGException" message="
Parameter &amp;apos;username&amp;apos; is required by @Test on method testCaseTwo but has not been marked @Optional or defined
in D:\Selenium\testng1.xml">
      <![CDATA[org.testng.TestNGException: 
Parameter 'username' is required by @Test on method testCaseTwo but has not been marked @Optional or defined
in D:\Selenium\testng1.xml
at java.util.concurrent.ThreadPoolExecutor.runWorker(Unknown Source)
at java.util.concurrent.ThreadPoolExecutor$Worker.run(Unknown Source)
at java.lang.Thread.run(Unknown Source)
... Removed 11 stack frames]]>
    </failure>
  </testcase> <!-- testCaseTwo -->
  <testcase name="testCaseThree" time="0.0" classname="ParameterizationAndParellel.Parameterization">
    <failure type="org.testng.TestNGException" message="
Parameter &amp;apos;browser&amp;apos; is required by @Test on method testCaseThree but has not been marked @Optional or defined
in D:\Selenium\testng1.xml">
      <![CDATA[org.testng.TestNGException: 
Parameter 'browser' is required by @Test on method testCaseThree but has not been marked @Optional or defined
in D:\Selenium\testng1.xml
at java.util.concurrent.ThreadPoolExecutor.runWorker(Unknown Source)
at java.util.concurrent.ThreadPoolExecutor$Worker.run(Unknown Source)
at java.lang.Thread.run(Unknown Source)
... Removed 11 stack frames]]>
    </failure>
  </testcase> <!-- testCaseThree -->
</testsuite> <!-- Test -->
